<?xml version="1.0" encoding="UTF-8"?>
<!-- Generated by org.testng.reporters.JUnitReportReporter -->
<testsuite hostname="Ieshanies-Surface3" failures="0" tests="5" name="com.sportsbet.automationframework.testcases.HomePageTest" time="2.306" errors="0" timestamp="2024-05-22T19:29:25 AEST" skipped="0">
  <testcase classname="com.sportsbet.automationframework.testcases.HomePageTest" name="verifyHomePageTitle" time="0.421"/>
  <system-out/>
  <testcase classname="com.sportsbet.automationframework.testcases.HomePageTest" name="verifyRacingPage" time="0.130"/>
  <system-out/>
  <testcase classname="com.sportsbet.automationframework.testcases.HomePageTest" name="selectFirstCardUnderNextToJump" time="0.335"/>
  <system-out/>
  <testcase classname="com.sportsbet.automationframework.testcases.HomePageTest" name="selectTwoBetsTotheBetSlip" time="1.157"/>
  <system-out/>
  <testcase classname="com.sportsbet.automationframework.testcases.HomePageTest" name="verifyBetCountInBetSlip" time="0.263"/>
  <system-out/>
</testsuite> <!-- com.sportsbet.automationframework.testcases.HomePageTest -->
