<?xml version="1.0" encoding="UTF-8"?>
<!-- Generated by org.testng.reporters.JUnitReportReporter -->
<testsuite hostname="Ieshanies-Surface3" failures="0" tests="5" name="com.sportsbet.automationframework.testcases.HomePageTest" time="6.241" errors="0" timestamp="2024-05-22T23:43:52 AEST" skipped="0">
  <testcase classname="com.sportsbet.automationframework.testcases.HomePageTest" name="verifyHomePageTitle" time="0.070"/>
  <system-out/>
  <testcase classname="com.sportsbet.automationframework.testcases.HomePageTest" name="verifyRacingPage" time="0.195"/>
  <system-out/>
  <testcase classname="com.sportsbet.automationframework.testcases.HomePageTest" name="selectFirstCardUnderNextToJump" time="2.511"/>
  <system-out/>
  <testcase classname="com.sportsbet.automationframework.testcases.HomePageTest" name="selectTwoBetsTotheBetSlip" time="3.100"/>
  <system-out/>
  <testcase classname="com.sportsbet.automationframework.testcases.HomePageTest" name="verifyBetCountInBetSlip" time="0.365"/>
  <system-out/>
</testsuite> <!-- com.sportsbet.automationframework.testcases.HomePageTest -->
