<?xml version="1.0" encoding="UTF-8"?>
<!-- Generated by org.testng.reporters.JUnitReportReporter -->
<testsuite hostname="Ieshanies-Surface3" failures="0" tests="5" name="com.sportsbet.automationframework.testcases.HomePageTest" time="2.383" errors="0" timestamp="2024-05-22T02:48:21 AEST" skipped="0">
  <testcase classname="com.sportsbet.automationframework.testcases.HomePageTest" name="verifyHomePageTitle" time="0.015"/>
  <system-out/>
  <testcase classname="com.sportsbet.automationframework.testcases.HomePageTest" name="verifyRacingPage" time="0.134"/>
  <system-out/>
  <testcase classname="com.sportsbet.automationframework.testcases.HomePageTest" name="selectFirstCardUnderNextToJump" time="0.232"/>
  <system-out/>
  <testcase classname="com.sportsbet.automationframework.testcases.HomePageTest" name="selectTwoBetsTotheBetSlip" time="1.645"/>
  <system-out/>
  <testcase classname="com.sportsbet.automationframework.testcases.HomePageTest" name="verifyBetCountInBetSlip" time="0.357"/>
  <system-out/>
</testsuite> <!-- com.sportsbet.automationframework.testcases.HomePageTest -->
