<?xml version="1.0" encoding="UTF-8"?>
<!-- Generated by org.testng.reporters.JUnitReportReporter -->
<testsuite hostname="Ieshanies-Surface3" failures="0" tests="5" name="com.sportsbet.automationframework.testcases.HomePageTest" time="5.174" errors="0" timestamp="2024-05-22T10:58:41 AEST" skipped="0">
  <testcase classname="com.sportsbet.automationframework.testcases.HomePageTest" name="verifyHomePageTitle" time="0.396"/>
  <system-out/>
  <testcase classname="com.sportsbet.automationframework.testcases.HomePageTest" name="verifyRacingPage" time="0.129"/>
  <system-out/>
  <testcase classname="com.sportsbet.automationframework.testcases.HomePageTest" name="selectFirstCardUnderNextToJump" time="0.484"/>
  <system-out/>
  <testcase classname="com.sportsbet.automationframework.testcases.HomePageTest" name="selectTwoBetsTotheBetSlip" time="3.849"/>
  <system-out/>
  <testcase classname="com.sportsbet.automationframework.testcases.HomePageTest" name="verifyBetCountInBetSlip" time="0.316"/>
  <system-out/>
</testsuite> <!-- com.sportsbet.automationframework.testcases.HomePageTest -->
